2024-09-02 17:06:18,825 - db_helper - INFO - fetch_expenses_for_date called with 2024-08-01
2024-09-02 17:06:19,085 - db_helper - INFO - fetch_expense_summary called with start: 2024-08-01 end: 2024-08-05
2024-09-02 17:06:47,394 - db_helper - INFO - fetch_expenses_for_date called with 2024-09-30
2024-09-02 17:06:47,463 - db_helper - INFO - fetch_expense_summary called with start: 2024-08-01 end: 2024-08-05
2024-09-02 17:07:46,664 - db_helper - INFO - fetch_expenses_for_date called with 2024-09-30
2024-09-02 17:07:46,707 - db_helper - INFO - fetch_expense_summary called with start: 2024-08-01 end: 2024-08-05
2024-09-02 17:12:07,162 - db_helper - INFO - fetch_expenses_for_date called with 2024-08-01
2024-09-02 17:12:34,865 - db_helper - INFO - delete_expenses_for_date called with 2024-08-28
2024-09-02 17:12:34,893 - db_helper - INFO - insert_expense called with date: 2024-08-28, amount: 23.0, category: Shopping, notes: Bought a mercedez car
2024-09-03 13:09:25,792 - db_helper - INFO - fetch_expenses_for_date called with 2024-08-02
2024-09-03 13:14:13,453 - db_helper - INFO - fetch_expenses_for_date called with 2024-08-02
2024-09-03 13:14:40,070 - db_helper - INFO - fetch_expenses_for_date called with 2024-08-02
2024-09-03 13:15:46,497 - db_helper - INFO - fetch_expenses_for_date called with 2024-08-02
2024-09-03 13:16:01,748 - db_helper - INFO - fetch_expenses_for_date called with 2024-08-02
2024-09-03 13:18:09,655 - db_helper - INFO - fetch_expenses_for_date called with 2024-08-01
2024-09-03 13:19:12,044 - db_helper - INFO - fetch_expenses_for_date called with 2024-08-01
2024-09-03 13:20:07,878 - db_helper - INFO - fetch_expenses_for_date called with 2024-08-01
2024-09-03 13:20:18,908 - db_helper - INFO - fetch_expenses_for_date called with 2024-08-01
2024-09-03 13:23:28,920 - db_helper - INFO - fetch_expenses_for_date called with 2024-08-01
2024-09-03 13:24:40,488 - db_helper - INFO - fetch_expenses_for_date called with 2024-08-01
2024-09-03 13:24:42,618 - db_helper - INFO - delete_expenses_for_date called with 2024-08-01
2024-09-03 13:24:42,647 - db_helper - INFO - insert_expense called with date: 2024-08-01, amount: 1340.0, category: Rent, notes: Monthly rent payment
2024-09-03 13:24:42,658 - db_helper - INFO - insert_expense called with date: 2024-08-01, amount: 300.0, category: Food, notes: Groceries for the week
2024-09-03 13:24:42,664 - db_helper - INFO - insert_expense called with date: 2024-08-01, amount: 1200.0, category: Rent, notes: Monthly rent payment
2024-09-03 13:24:42,670 - db_helper - INFO - insert_expense called with date: 2024-08-01, amount: 300.0, category: Food, notes: Groceries for the week
2024-09-03 13:24:42,675 - db_helper - INFO - insert_expense called with date: 2024-08-01, amount: 20.0, category: Shopping, notes: Bought dairy milk chocolate
2024-09-03 13:25:30,234 - db_helper - INFO - fetch_expenses_for_date called with 2024-08-01
2024-09-03 13:25:35,277 - db_helper - INFO - fetch_expenses_for_date called with 2024-08-02
2024-09-03 13:25:39,836 - db_helper - INFO - fetch_expenses_for_date called with 2024-08-16
2024-09-03 13:41:40,040 - db_helper - INFO - fetch_expenses_for_date called with 2024-08-02
2024-09-03 13:42:43,656 - db_helper - INFO - fetch_expenses_for_date called with 2024-08-02
2024-09-03 13:43:46,494 - db_helper - INFO - fetch_expenses_for_date called with 2024-08-02
2024-09-03 13:43:51,431 - db_helper - INFO - fetch_expenses_for_date called with 2024-08-01
2024-09-03 13:43:55,008 - db_helper - INFO - fetch_expenses_for_date called with 2024-08-01
2024-09-03 13:49:44,387 - db_helper - INFO - fetch_expenses_for_date called with 2024-08-01
2024-09-03 13:51:02,499 - db_helper - INFO - fetch_expenses_for_date called with 2024-08-01
2024-09-03 13:52:03,370 - db_helper - INFO - fetch_expenses_for_date called with 2024-08-01
2024-09-03 13:53:26,743 - db_helper - INFO - fetch_expenses_for_date called with 2024-08-01
2024-09-03 13:54:03,659 - db_helper - INFO - fetch_expenses_for_date called with 2024-08-01
2024-09-03 13:57:37,265 - db_helper - INFO - fetch_expenses_for_date called with 2024-08-01
2024-09-03 13:59:03,489 - db_helper - INFO - fetch_expenses_for_date called with 2024-08-01
2024-09-03 14:00:04,391 - db_helper - INFO - fetch_expenses_for_date called with 2024-08-01
2024-09-03 14:01:07,377 - db_helper - INFO - fetch_expenses_for_date called with 2024-08-01
2024-09-03 14:01:34,920 - db_helper - INFO - fetch_expenses_for_date called with 2024-08-01
2024-09-03 14:01:47,824 - db_helper - INFO - fetch_expenses_for_date called with 2024-08-01
2024-09-03 14:02:43,817 - db_helper - INFO - fetch_expenses_for_date called with 2024-08-01
2024-09-03 14:02:49,061 - db_helper - INFO - fetch_expenses_for_date called with 2024-08-02
2024-09-03 14:02:54,091 - db_helper - INFO - fetch_expenses_for_date called with 2024-08-07
2024-09-03 14:08:01,017 - db_helper - INFO - fetch_expenses_for_date called with 2024-08-07
2024-09-03 14:08:39,479 - db_helper - INFO - fetch_expenses_for_date called with 2024-08-07
2024-09-03 14:08:41,555 - db_helper - INFO - delete_expenses_for_date called with 2024-08-07
2024-09-03 14:08:41,565 - db_helper - INFO - insert_expense called with date: 2024-08-07, amount: 20.0, category: Shopping, notes: bought coconut
2024-09-03 14:08:41,581 - db_helper - INFO - insert_expense called with date: 2024-08-07, amount: 10.0, category: Shopping, notes: bought hair oild
2024-09-03 14:08:41,586 - db_helper - INFO - insert_expense called with date: 2024-08-07, amount: 40.0, category: Food, notes: ate pakoda
2024-09-03 14:09:05,902 - db_helper - INFO - fetch_expenses_for_date called with 2024-08-01
2024-09-03 14:09:10,568 - db_helper - INFO - fetch_expenses_for_date called with 2024-08-07
2024-09-03 14:24:39,169 - db_helper - INFO - fetch_expense_summary called with start: 2024-08-01 end: 2024-08-05
2024-09-03 14:30:03,443 - db_helper - INFO - fetch_expense_summary called with start: 2024-08-01 end: 2024-08-05
2024-09-03 14:40:30,568 - db_helper - INFO - fetch_expenses_for_date called with 2024-08-01
2024-09-03 14:41:21,967 - db_helper - INFO - fetch_expenses_for_date called with 2024-08-01
2024-09-03 14:43:12,325 - db_helper - INFO - fetch_expenses_for_date called with 2024-08-01
2024-09-03 14:43:15,409 - db_helper - INFO - fetch_expenses_for_date called with 2024-08-01
2024-09-03 14:43:17,491 - db_helper - INFO - fetch_expense_summary called with start: 2024-08-01 end: 2024-08-05
2024-09-03 14:44:48,321 - db_helper - INFO - fetch_expenses_for_date called with 2024-08-01
2024-09-03 14:44:51,086 - db_helper - INFO - fetch_expenses_for_date called with 2024-08-01
2024-09-03 14:44:53,165 - db_helper - INFO - fetch_expense_summary called with start: 2024-08-01 end: 2024-08-05
2024-09-03 14:45:51,488 - db_helper - INFO - fetch_expenses_for_date called with 2024-08-01
2024-09-03 14:45:54,316 - db_helper - INFO - fetch_expenses_for_date called with 2024-08-01
2024-09-03 14:45:56,444 - db_helper - INFO - fetch_expense_summary called with start: 2024-08-01 end: 2024-08-05
2024-09-03 14:47:15,077 - db_helper - INFO - fetch_expenses_for_date called with 2024-08-01
2024-09-03 14:47:18,864 - db_helper - INFO - fetch_expenses_for_date called with 2024-08-01
2024-09-03 14:47:20,907 - db_helper - INFO - fetch_expense_summary called with start: 2024-08-01 end: 2024-08-05
2024-09-03 14:49:43,199 - db_helper - INFO - fetch_expenses_for_date called with 2024-08-01
2024-09-03 14:49:49,055 - db_helper - INFO - fetch_expenses_for_date called with 2024-08-01
2024-09-03 14:49:51,142 - db_helper - INFO - fetch_expense_summary called with start: 2024-08-01 end: 2024-08-05
2024-09-03 14:50:31,492 - db_helper - INFO - fetch_expenses_for_date called with 2024-08-01
2024-09-03 14:50:34,719 - db_helper - INFO - fetch_expenses_for_date called with 2024-08-01
2024-09-03 14:50:36,818 - db_helper - INFO - fetch_expense_summary called with start: 2024-08-01 end: 2024-08-05
2024-09-03 16:59:07,583 - db_helper - INFO - fetch_expenses_for_date called with 2024-08-01
2024-09-03 16:59:08,307 - db_helper - INFO - fetch_expenses_for_date called with 2024-08-07
2024-09-03 18:04:04,740 - db_helper - INFO - fetch_expenses_for_date called with 2024-08-16
2024-09-03 18:04:09,935 - db_helper - INFO - fetch_expenses_for_date called with 2024-08-17
2024-09-03 18:04:14,123 - db_helper - INFO - fetch_expenses_for_date called with 2024-08-15
2024-09-03 18:04:23,283 - db_helper - INFO - fetch_expenses_for_date called with 2024-08-15
2024-09-03 18:04:25,333 - db_helper - INFO - delete_expenses_for_date called with 2024-08-15
2024-09-03 18:04:30,552 - db_helper - INFO - fetch_expenses_for_date called with 2024-08-16
2024-09-03 18:04:34,641 - db_helper - INFO - fetch_expenses_for_date called with 2024-08-15
2025-06-21 14:37:37,677 - db_helper - INFO - fetch_expenses_for_date called with 2024-08-01
2025-06-21 14:44:18,870 - db_helper - INFO - fetch_expenses_for_date called with 2024-08-01
2025-06-21 14:44:21,021 - db_helper - INFO - delete_expenses_for_date called with 2024-08-01
2025-06-21 14:44:21,207 - db_helper - INFO - insert_expense called with date: 2024-08-01, amount: 1227.0, category: Rent, notes: Monthly rent payment
2025-06-21 14:44:21,242 - db_helper - INFO - insert_expense called with date: 2024-08-01, amount: 300.0, category: Food, notes: Groceries for the week
2025-06-21 14:44:21,268 - db_helper - INFO - insert_expense called with date: 2024-08-01, amount: 1200.0, category: Rent, notes: Monthly rent payment
2025-06-21 14:44:21,293 - db_helper - INFO - insert_expense called with date: 2024-08-01, amount: 300.0, category: Food, notes: Groceries for the week
2025-06-21 14:44:35,477 - db_helper - INFO - fetch_expenses_for_date called with 2024-08-01
2025-06-21 14:44:37,642 - db_helper - INFO - fetch_expense_summary called with start: 2024-08-01 end: 2024-08-05
2025-06-21 14:47:02,317 - db_helper - INFO - fetch_expenses_for_date called with 2024-08-01
2025-06-21 14:47:40,912 - db_helper - INFO - fetch_expenses_for_date called with 2024-08-01
2025-06-21 14:48:07,733 - db_helper - INFO - fetch_expenses_for_date called with 2024-08-01
2025-06-21 14:48:09,965 - db_helper - INFO - fetch_expense_summary called with start: 2024-08-01 end: 2024-08-05
2025-06-21 14:49:49,625 - db_helper - INFO - fetch_expenses_for_date called with 2024-08-01
2025-06-21 14:51:04,795 - db_helper - INFO - fetch_expenses_for_date called with 2024-08-01
2025-06-21 14:53:28,674 - db_helper - INFO - fetch_expenses_for_date called with 2024-08-01
2025-06-21 14:54:48,927 - db_helper - INFO - fetch_expenses_for_date called with 2024-08-01
2025-06-21 14:58:16,772 - db_helper - INFO - fetch_expenses_for_date called with 2024-08-01
2025-06-21 14:58:21,409 - db_helper - INFO - fetch_expenses_for_date called with 2024-08-01
2025-06-21 14:58:54,227 - db_helper - INFO - fetch_expenses_for_date called with 2024-08-01
2025-06-21 14:59:35,462 - db_helper - INFO - fetch_expenses_for_date called with 2024-08-01
2025-06-21 15:00:30,309 - db_helper - INFO - fetch_expense_summary called with start: 2024-08-01 end: 2024-08-05
2025-06-21 15:01:18,427 - db_helper - INFO - fetch_expenses_for_date called with 2024-08-01
2025-06-21 15:01:25,444 - db_helper - INFO - fetch_expenses_for_date called with 2024-08-01
2025-06-21 15:02:04,544 - db_helper - INFO - fetch_expenses_for_date called with 2024-08-01
2025-06-21 15:02:10,072 - db_helper - INFO - fetch_expenses_for_date called with 2024-08-01
2025-06-21 15:03:55,976 - db_helper - INFO - fetch_expenses_for_date called with 2024-08-01
2025-06-21 15:05:08,948 - db_helper - INFO - fetch_expenses_for_date called with 2024-08-01
2025-06-21 15:09:58,382 - db_helper - INFO - fetch_expenses_for_date called with 2024-08-01
2025-06-21 15:10:15,097 - db_helper - INFO - fetch_expenses_for_date called with 2024-08-01
2025-06-21 15:13:03,520 - db_helper - INFO - fetch_expenses_for_date called with 2024-08-01
2025-06-21 15:13:28,304 - db_helper - INFO - fetch_expenses_for_date called with 2025-06-21
2025-06-21 15:14:29,521 - db_helper - INFO - fetch_expenses_for_date called with 2024-08-01
2025-06-21 15:14:40,698 - db_helper - INFO - fetch_expenses_for_date called with 2024-08-01
2025-06-21 15:16:24,820 - db_helper - INFO - fetch_expenses_for_date called with 2024-08-01
2025-06-21 15:18:15,767 - db_helper - INFO - fetch_expenses_for_date called with 2024-08-01
2025-06-21 15:18:26,192 - db_helper - INFO - fetch_expenses_for_date called with 2024-08-01
2025-06-21 15:18:57,171 - db_helper - INFO - fetch_expenses_for_date called with 2024-08-01
2025-06-21 15:20:32,635 - db_helper - INFO - fetch_expenses_for_date called with 2024-08-01
2025-06-21 15:22:20,554 - db_helper - INFO - fetch_expenses_for_date called with 2024-08-01
2025-06-21 15:23:34,874 - db_helper - INFO - fetch_expenses_for_date called with 2024-08-01
2025-06-21 15:24:40,900 - db_helper - INFO - fetch_expenses_for_date called with 2024-08-01
2025-06-21 15:30:12,379 - db_helper - INFO - fetch_expenses_for_date called with 2024-08-01
2025-06-21 15:52:54,765 - db_helper - INFO - fetch_expenses_for_date called with 2024-08-01
2025-06-21 15:54:49,744 - db_helper - INFO - fetch_expenses_for_date called with 2024-08-01
2025-06-21 15:55:11,611 - db_helper - INFO - fetch_expenses_for_date called with 2024-08-01
2025-06-21 15:57:01,480 - db_helper - INFO - fetch_expenses_for_date called with 2024-08-01
2025-06-21 15:59:03,283 - db_helper - INFO - fetch_expenses_for_date called with 2024-08-01
2025-06-21 16:00:20,048 - db_helper - INFO - fetch_expenses_for_date called with 2024-08-01
2025-06-21 16:00:47,292 - db_helper - INFO - fetch_expenses_for_date called with 2024-08-01
2025-06-21 16:01:04,095 - db_helper - INFO - fetch_expenses_for_date called with 2024-08-01
2025-06-21 16:03:10,237 - db_helper - INFO - fetch_expenses_for_date called with 2024-08-01
2025-06-21 16:05:29,445 - db_helper - INFO - fetch_expenses_for_date called with 2024-08-01
2025-06-21 16:05:43,125 - db_helper - INFO - fetch_expenses_for_date called with 2024-08-01
2025-06-21 16:09:23,136 - db_helper - INFO - fetch_expenses_for_date called with 2024-08-01
2025-06-21 16:10:05,843 - db_helper - INFO - fetch_expenses_for_date called with 2024-08-01
2025-06-21 16:10:36,968 - db_helper - INFO - fetch_expenses_for_date called with 2024-08-01
2025-06-21 16:12:39,749 - db_helper - INFO - fetch_expenses_for_date called with 2024-08-01
2025-06-21 16:12:52,564 - db_helper - INFO - fetch_expenses_for_date called with 2024-08-01
2025-06-21 16:13:18,617 - db_helper - INFO - fetch_expenses_for_date called with 2024-08-01
2025-06-21 16:13:48,578 - db_helper - INFO - fetch_expenses_for_date called with 2024-08-01
2025-06-21 16:14:08,900 - db_helper - INFO - fetch_expenses_for_date called with 2024-08-01
2025-06-21 16:16:09,104 - db_helper - INFO - fetch_expenses_for_date called with 2025-06-21
2025-06-21 16:17:33,315 - db_helper - INFO - fetch_expenses_for_date called with 2025-06-21
2025-06-21 16:20:40,457 - db_helper - INFO - fetch_expenses_for_date called with 2025-06-21
2025-06-21 16:20:42,815 - db_helper - INFO - delete_expenses_for_date called with 2025-06-21
2025-06-21 16:20:42,902 - db_helper - INFO - insert_expense called with date: 2025-06-21, amount: 20000.0, category: Rent, notes: Car
2025-06-21 16:20:43,177 - db_helper - INFO - insert_expense called with date: 2025-06-21, amount: 30.0, category: Shopping, notes: Bought coconut
2025-06-21 16:21:25,771 - db_helper - INFO - fetch_expenses_for_date called with 2025-06-21
2025-06-21 16:21:26,963 - db_helper - INFO - fetch_expenses_for_date called with 2025-06-21
2025-06-21 16:21:29,412 - db_helper - INFO - fetch_expense_summary called with start: 2024-08-01 end: 2025-06-21
2025-06-21 16:25:07,322 - db_helper - INFO - fetch_expenses_for_date called with 2025-06-21
2025-06-21 16:25:43,201 - db_helper - INFO - fetch_expenses_for_date called with 2025-06-21
2025-06-21 16:26:06,767 - db_helper - INFO - fetch_expenses_for_date called with 2025-06-21
2025-06-21 16:26:34,950 - db_helper - INFO - fetch_expenses_for_date called with 2025-06-21
2025-06-21 16:27:15,015 - db_helper - INFO - fetch_expenses_for_date called with 2025-06-21
2025-06-21 16:27:49,620 - db_helper - INFO - fetch_expenses_for_date called with 2025-06-21
2025-06-21 16:27:51,807 - db_helper - INFO - fetch_expense_summary called with start: 2024-08-01 end: 2024-08-05
2025-06-21 16:27:59,766 - db_helper - INFO - fetch_expenses_for_date called with 2025-06-21
2025-06-21 16:28:05,717 - db_helper - INFO - fetch_expenses_for_date called with 2025-06-21
2025-06-21 16:28:07,889 - db_helper - INFO - fetch_expense_summary called with start: 2024-08-01 end: 2024-08-05
2025-06-21 16:30:22,616 - db_helper - INFO - fetch_expenses_for_date called with 2025-06-21
2025-06-21 19:33:46,416 - db_helper - INFO - fetch_expenses_for_date called with 2025-06-21
2025-06-21 19:34:57,051 - db_helper - INFO - fetch_expenses_for_date called with 2025-06-21
2025-06-21 19:35:53,152 - db_helper - INFO - fetch_expenses_for_date called with 2025-06-21
2025-06-21 19:36:20,760 - db_helper - INFO - fetch_expenses_for_date called with 2025-06-21
2025-06-21 19:37:20,032 - db_helper - INFO - fetch_expenses_for_date called with 2025-06-21
2025-06-21 19:37:29,336 - db_helper - INFO - fetch_expenses_for_date called with 2025-06-21
2025-06-21 19:37:33,077 - db_helper - INFO - fetch_expenses_for_date called with 2025-06-21
2025-06-21 19:37:36,446 - db_helper - INFO - fetch_expenses_for_date called with 2025-06-21
2025-06-21 19:37:38,771 - db_helper - INFO - fetch_expense_summary called with start: 2024-08-01 end: 2025-06-21
2025-06-21 19:38:20,926 - db_helper - INFO - fetch_expenses_for_date called with 2025-05-21
2025-06-21 19:38:32,922 - db_helper - INFO - fetch_expenses_for_date called with 2025-04-21
2025-06-21 19:41:25,175 - db_helper - INFO - fetch_expenses_for_date called with 2025-04-21
2025-06-21 19:41:27,507 - db_helper - INFO - delete_expenses_for_date called with 2025-04-21
2025-06-21 19:41:27,567 - db_helper - INFO - insert_expense called with date: 2025-04-21, amount: 19.0, category: Food, notes: Coffee
2025-06-21 19:41:27,675 - db_helper - INFO - insert_expense called with date: 2025-04-21, amount: 40.0, category: Shopping, notes: Dish soap
2025-06-21 19:41:27,691 - db_helper - INFO - insert_expense called with date: 2025-04-21, amount: 50.0, category: Shopping, notes: Toilet paper
2025-06-21 19:41:41,648 - db_helper - INFO - fetch_expenses_for_date called with 2025-04-10
2025-06-21 19:41:44,976 - db_helper - INFO - fetch_expenses_for_date called with 2025-04-10
2025-06-21 19:41:47,044 - db_helper - INFO - delete_expenses_for_date called with 2025-04-10
2025-06-21 19:41:47,051 - db_helper - INFO - insert_expense called with date: 2025-04-10, amount: 19.0, category: Food, notes: Coffee
2025-06-21 19:41:47,162 - db_helper - INFO - insert_expense called with date: 2025-04-10, amount: 40.0, category: Shopping, notes: Dish soap
2025-06-21 19:41:47,186 - db_helper - INFO - insert_expense called with date: 2025-04-10, amount: 50.0, category: Shopping, notes: Toilet paper
2025-06-21 19:41:57,082 - db_helper - INFO - fetch_expenses_for_date called with 2025-03-10
2025-06-21 19:43:09,608 - db_helper - INFO - fetch_expenses_for_date called with 2025-03-10
2025-06-21 19:43:11,677 - db_helper - INFO - delete_expenses_for_date called with 2025-03-10
2025-06-21 19:43:11,684 - db_helper - INFO - insert_expense called with date: 2025-03-10, amount: 19.0, category: Food, notes: Tea
2025-06-21 19:43:11,700 - db_helper - INFO - insert_expense called with date: 2025-03-10, amount: 40.0, category: Shopping, notes: Dish soap
2025-06-21 19:43:11,708 - db_helper - INFO - insert_expense called with date: 2025-03-10, amount: 50.0, category: Shopping, notes: Toilet paper
2025-06-21 19:43:11,720 - db_helper - INFO - insert_expense called with date: 2025-03-10, amount: 100000.0, category: Entertainment, notes: Sofa or couch
2025-06-21 19:43:11,737 - db_helper - INFO - insert_expense called with date: 2025-03-10, amount: 3000000.0, category: Entertainment, notes: Furnished apartment
2025-06-21 19:43:16,464 - db_helper - INFO - fetch_expenses_for_date called with 2025-03-17
2025-06-21 19:44:28,240 - db_helper - INFO - fetch_expenses_for_date called with 2025-03-17
2025-06-21 19:44:30,511 - db_helper - INFO - delete_expenses_for_date called with 2025-03-17
2025-06-21 19:44:30,526 - db_helper - INFO - insert_expense called with date: 2025-03-17, amount: 19.0, category: Food, notes: Tea
2025-06-21 19:44:30,556 - db_helper - INFO - insert_expense called with date: 2025-03-17, amount: 140.0, category: Shopping, notes: Shampoo
2025-06-21 19:44:30,610 - db_helper - INFO - insert_expense called with date: 2025-03-17, amount: 50.0, category: Food, notes: Cheese
2025-06-21 19:44:30,620 - db_helper - INFO - insert_expense called with date: 2025-03-17, amount: 1000.0, category: Entertainment, notes: Photo booths
2025-06-21 19:44:30,631 - db_helper - INFO - insert_expense called with date: 2025-03-17, amount: 3000.0, category: Shopping, notes: Multivitamins
2025-06-21 19:44:45,514 - db_helper - INFO - fetch_expenses_for_date called with 2025-05-17
2025-06-21 19:45:39,995 - db_helper - INFO - fetch_expenses_for_date called with 2025-05-17
2025-06-21 19:45:42,044 - db_helper - INFO - delete_expenses_for_date called with 2025-05-17
2025-06-21 19:45:42,052 - db_helper - INFO - insert_expense called with date: 2025-05-17, amount: 19.0, category: Food, notes: Tea
2025-06-21 19:45:42,064 - db_helper - INFO - insert_expense called with date: 2025-05-17, amount: 240.0, category: Shopping, notes: Shampoo
2025-06-21 19:45:42,215 - db_helper - INFO - insert_expense called with date: 2025-05-17, amount: 250.0, category: Food, notes: Cheese
2025-06-21 19:45:42,225 - db_helper - INFO - insert_expense called with date: 2025-05-17, amount: 100000.0, category: Entertainment, notes: Sports equipment (balls, rackets, nets)
2025-06-21 19:45:42,234 - db_helper - INFO - insert_expense called with date: 2025-05-17, amount: 3000.0, category: Shopping, notes: Multivitamins
2025-06-21 19:45:50,846 - db_helper - INFO - fetch_expenses_for_date called with 2025-04-17
2025-06-21 19:46:59,618 - db_helper - INFO - fetch_expenses_for_date called with 2025-04-17
2025-06-21 19:47:01,687 - db_helper - INFO - delete_expenses_for_date called with 2025-04-17
2025-06-21 19:47:01,695 - db_helper - INFO - insert_expense called with date: 2025-04-17, amount: 100.0, category: Rent, notes: Bicycle
2025-06-21 19:47:01,708 - db_helper - INFO - insert_expense called with date: 2025-04-17, amount: 240.0, category: Shopping, notes: Shampoo
2025-06-21 19:47:01,844 - db_helper - INFO - insert_expense called with date: 2025-04-17, amount: 250.0, category: Food, notes: Cheese
2025-06-21 19:47:01,853 - db_helper - INFO - insert_expense called with date: 2025-04-17, amount: 50000.0, category: Entertainment, notes: Sports equipment (balls, rackets, nets)
2025-06-21 19:47:01,877 - db_helper - INFO - insert_expense called with date: 2025-04-17, amount: 2000.0, category: Entertainment, notes: Coloring books
2025-06-21 19:47:08,271 - db_helper - INFO - fetch_expenses_for_date called with 2025-04-17
2025-06-21 19:47:14,102 - db_helper - INFO - fetch_expenses_for_date called with 2025-04-17
2025-06-21 19:47:25,322 - db_helper - INFO - fetch_expenses_for_date called with 2025-04-17
2025-06-21 19:47:28,312 - db_helper - INFO - fetch_expenses_for_date called with 2025-04-17
2025-06-21 19:47:30,379 - db_helper - INFO - fetch_expense_summary called with start: 2025-03-23 end: 2025-06-21
2025-06-21 19:47:44,345 - db_helper - INFO - fetch_expenses_for_date called with 2025-04-17
2025-06-21 19:47:48,039 - db_helper - INFO - fetch_expenses_for_date called with 2025-04-17
2025-06-21 19:47:52,499 - db_helper - INFO - fetch_expenses_for_date called with 2025-04-17
2025-06-21 19:47:54,558 - db_helper - INFO - fetch_expense_summary called with start: 2025-03-18 end: 2025-06-21
2025-06-21 19:49:07,921 - db_helper - INFO - fetch_expenses_for_date called with 2025-04-17
2025-06-21 19:49:10,002 - db_helper - INFO - delete_expenses_for_date called with 2025-04-17
2025-06-21 19:49:10,122 - db_helper - INFO - insert_expense called with date: 2025-04-17, amount: 100.0, category: Rent, notes: Bicycle
2025-06-21 19:49:10,133 - db_helper - INFO - insert_expense called with date: 2025-04-17, amount: 1243.0, category: Food, notes: Beef
2025-06-21 19:49:10,151 - db_helper - INFO - insert_expense called with date: 2025-04-17, amount: 1650.0, category: Food, notes: Cheese
2025-06-21 19:49:10,162 - db_helper - INFO - insert_expense called with date: 2025-04-17, amount: 5000.0, category: Food, notes: Chicken
2025-06-21 19:49:10,178 - db_helper - INFO - insert_expense called with date: 2025-04-17, amount: 2000.0, category: Entertainment, notes: Coloring books
2025-06-21 19:49:13,384 - db_helper - INFO - fetch_expenses_for_date called with 2025-05-17
2025-06-21 19:49:43,784 - db_helper - INFO - fetch_expenses_for_date called with 2025-05-17
2025-06-21 19:49:45,859 - db_helper - INFO - delete_expenses_for_date called with 2025-05-17
2025-06-21 19:49:45,976 - db_helper - INFO - insert_expense called with date: 2025-05-17, amount: 19.0, category: Food, notes: Tea
2025-06-21 19:49:45,985 - db_helper - INFO - insert_expense called with date: 2025-05-17, amount: 1243.0, category: Food, notes: Beef
2025-06-21 19:49:46,017 - db_helper - INFO - insert_expense called with date: 2025-05-17, amount: 1650.0, category: Food, notes: Eggs
2025-06-21 19:49:46,027 - db_helper - INFO - insert_expense called with date: 2025-05-17, amount: 2000.0, category: Food, notes: Tofu
2025-06-21 19:49:46,049 - db_helper - INFO - insert_expense called with date: 2025-05-17, amount: 3000.0, category: Shopping, notes: Multivitamins
2025-06-21 19:49:50,061 - db_helper - INFO - fetch_expenses_for_date called with 2025-03-17
2025-06-21 19:49:52,799 - db_helper - INFO - fetch_expenses_for_date called with 2025-03-19
2025-06-21 19:51:04,177 - db_helper - INFO - fetch_expenses_for_date called with 2025-03-19
2025-06-21 19:51:06,282 - db_helper - INFO - delete_expenses_for_date called with 2025-03-19
2025-06-21 19:51:06,300 - db_helper - INFO - insert_expense called with date: 2025-03-19, amount: 4500.0, category: Food, notes: Beans
2025-06-21 19:51:06,312 - db_helper - INFO - insert_expense called with date: 2025-03-19, amount: 7890.0, category: Food, notes: Apples
2025-06-21 19:51:06,331 - db_helper - INFO - insert_expense called with date: 2025-03-19, amount: 3230.0, category: Food, notes: Bananas
2025-06-21 19:51:06,341 - db_helper - INFO - insert_expense called with date: 2025-03-19, amount: 4560.0, category: Food, notes: Carrots
2025-06-21 19:51:06,361 - db_helper - INFO - insert_expense called with date: 2025-03-19, amount: 5678.0, category: Food, notes: Garlic
2025-06-21 19:51:09,352 - db_helper - INFO - fetch_expenses_for_date called with 2025-03-19
2025-06-21 19:51:11,441 - db_helper - INFO - fetch_expense_summary called with start: 2025-03-18 end: 2025-06-21
2025-06-21 20:01:43,482 - db_helper - INFO - fetch_expenses_for_date called with 2025-06-19
2025-06-21 20:01:46,523 - db_helper - INFO - fetch_expenses_for_date called with 2025-06-12
2025-06-21 20:01:47,642 - db_helper - INFO - fetch_expenses_for_date called with 2025-06-21
2025-06-21 20:01:51,508 - db_helper - INFO - fetch_expenses_for_date called with 2025-06-22
2025-06-21 20:02:06,666 - db_helper - INFO - fetch_expenses_for_date called with 2025-06-21
2025-06-21 21:50:44,193 - db_helper - INFO - fetch_expenses_for_date called with 2025-06-21
2025-06-21 21:50:51,240 - db_helper - INFO - fetch_expenses_for_date called with 2025-06-21
2025-06-21 21:50:53,321 - db_helper - INFO - fetch_expense_summary called with start: 2024-08-01 end: 2024-08-05
2025-06-21 21:55:32,838 - db_helper - INFO - fetch_expenses_for_date called with 2025-06-21
2025-06-21 21:55:37,114 - db_helper - INFO - fetch_expenses_for_date called with 2025-06-21
2025-06-21 21:55:39,310 - db_helper - INFO - fetch_expense_summary called with start: 2024-08-01 end: 2024-08-05
2025-06-21 21:57:05,793 - db_helper - INFO - fetch_expenses_for_date called with 2025-06-21
2025-06-21 21:57:12,010 - db_helper - INFO - fetch_expenses_for_date called with 2025-06-21
2025-06-21 21:57:14,195 - db_helper - INFO - fetch_expense_summary called with start: 2024-08-01 end: 2024-08-05
2025-06-21 21:57:34,022 - db_helper - INFO - fetch_expenses_for_date called with 2025-06-21
2025-06-21 21:57:38,868 - db_helper - INFO - fetch_expenses_for_date called with 2025-06-21
2025-06-21 21:57:42,061 - db_helper - INFO - fetch_expenses_for_date called with 2025-06-21
2025-06-21 21:57:49,836 - db_helper - INFO - fetch_expenses_for_date called with 2025-06-21
2025-06-21 21:58:00,123 - db_helper - INFO - fetch_expenses_for_date called with 2025-06-21
2025-06-21 21:58:02,084 - db_helper - INFO - fetch_expenses_for_date called with 2025-06-21
2025-06-21 21:58:04,156 - db_helper - INFO - fetch_expense_summary called with start: 2025-03-18 end: 2025-06-21
2025-06-22 16:15:39,780 - db_helper - INFO - fetch_expenses_for_date called with 2025-06-21
2025-06-22 16:15:57,212 - db_helper - INFO - fetch_expenses_for_date called with 2025-06-21
2025-06-22 16:15:59,271 - db_helper - INFO - fetch_expense_summary called with start: 2024-08-01 end: 2024-08-05
2025-06-22 16:19:32,245 - db_helper - INFO - fetch_expenses_for_date called with 2025-06-21
2025-06-22 16:19:54,448 - db_helper - INFO - fetch_expenses_for_date called with 2025-06-21
2025-06-22 16:30:49,656 - db_helper - INFO - fetch_expenses_for_date called with 2025-06-21
2025-06-22 16:47:54,747 - db_helper - INFO - fetch_expenses_for_date called with 2025-06-21
2025-06-22 16:52:37,636 - db_helper - INFO - fetch_expenses_for_date called with 2025-06-21
2025-06-22 16:55:32,231 - db_helper - INFO - fetch_expenses_for_date called with 2025-06-21
2025-06-22 16:55:43,054 - db_helper - INFO - fetch_expenses_for_date called with 2025-06-21
2025-06-22 16:55:45,128 - db_helper - INFO - fetch_expense_summary called with start: 2024-08-01 end: 2024-08-05
2025-06-22 16:59:32,574 - db_helper - INFO - fetch_expenses_for_date called with 2025-06-21
2025-06-22 16:59:37,549 - db_helper - INFO - fetch_expenses_for_date called with 2025-06-21
2025-06-22 16:59:39,616 - db_helper - INFO - fetch_expense_summary called with start: 2024-08-01 end: 2024-08-05
2025-06-22 17:00:38,776 - db_helper - INFO - fetch_expenses_for_date called with 2024-08-21
2025-06-22 17:02:43,952 - db_helper - INFO - fetch_expenses_for_date called with 2024-08-21
2025-06-22 17:14:21,848 - db_helper - INFO - fetch_expenses_for_date called with 2025-06-21
2025-06-22 17:20:21,046 - db_helper - INFO - fetch_expenses_for_date called with 2025-06-21
2025-06-22 17:20:51,751 - db_helper - INFO - fetch_expenses_for_date called with 2025-06-21
2025-06-22 18:33:09,995 - db_helper - INFO - fetch_expense_summary_by_months
2025-06-22 18:33:46,475 - db_helper - INFO - fetch_expenses_for_date called with 2025-06-21
2025-06-22 18:33:48,620 - db_helper - INFO - fetch_expense_summary_by_months
2025-06-22 18:33:52,638 - db_helper - INFO - fetch_expenses_for_date called with 2025-06-21
2025-06-22 18:33:54,777 - db_helper - INFO - fetch_expense_summary called with start: 2024-08-01 end: 2024-08-05
2025-06-22 18:33:56,969 - db_helper - INFO - fetch_expense_summary_by_months
2025-06-22 18:35:15,574 - db_helper - INFO - fetch_expense_summary_by_months
2025-06-22 18:38:32,983 - db_helper - INFO - fetch_expenses_for_date called with 2025-06-21
2025-06-22 18:38:35,137 - db_helper - INFO - fetch_expense_summary_by_months
2025-06-22 18:38:40,266 - db_helper - INFO - fetch_expenses_for_date called with 2025-06-21
2025-06-22 18:38:42,436 - db_helper - INFO - fetch_expense_summary_by_months
2025-06-22 18:40:14,030 - db_helper - INFO - fetch_expenses_for_date called with 2025-06-21
2025-06-22 18:40:17,490 - db_helper - INFO - fetch_expenses_for_date called with 2025-06-21
2025-06-22 18:40:19,692 - db_helper - INFO - fetch_expense_summary called with start: 2024-08-01 end: 2024-08-05
2025-06-22 18:43:19,980 - db_helper - INFO - fetch_expenses_for_date called with 2025-06-21
2025-06-22 18:43:23,130 - db_helper - INFO - fetch_expenses_for_date called with 2025-06-21
2025-06-22 18:43:25,249 - db_helper - INFO - fetch_expense_summary called with start: 2024-08-01 end: 2024-08-05
2025-06-22 18:44:52,121 - db_helper - INFO - fetch_expenses_for_date called with 2025-06-21
2025-06-22 18:46:41,151 - db_helper - INFO - fetch_expenses_for_date called with 2025-06-21
2025-06-22 18:46:43,539 - db_helper - INFO - fetch_expense_summary_by_months
2025-06-22 18:46:46,672 - db_helper - INFO - fetch_expenses_for_date called with 2025-06-21
2025-06-22 18:46:48,799 - db_helper - INFO - fetch_expense_summary called with start: 2024-08-01 end: 2024-08-05
2025-06-22 18:46:50,902 - db_helper - INFO - fetch_expense_summary_by_months
2025-06-22 18:50:42,087 - db_helper - INFO - fetch_expenses_for_date called with 2025-06-21
2025-06-22 18:50:44,284 - db_helper - INFO - fetch_expense_summary_by_months
2025-06-22 18:51:02,478 - db_helper - INFO - fetch_expenses_for_date called with 2025-06-21
2025-06-22 18:51:04,676 - db_helper - INFO - fetch_expense_summary called with start: 2024-08-01 end: 2024-08-05
2025-06-22 18:51:06,766 - db_helper - INFO - fetch_expense_summary_by_months
2025-06-22 18:51:19,321 - db_helper - INFO - fetch_expenses_for_date called with 2025-06-21
2025-06-22 18:51:21,430 - db_helper - INFO - fetch_expense_summary_by_months
2025-06-22 18:52:00,654 - db_helper - INFO - fetch_expenses_for_date called with 2025-06-21
2025-06-22 18:52:02,793 - db_helper - INFO - fetch_expense_summary_by_months
2025-06-22 18:52:19,972 - db_helper - INFO - fetch_expenses_for_date called with 2025-06-21
2025-06-22 18:52:22,213 - db_helper - INFO - fetch_expense_summary_by_months
2025-06-22 18:52:57,877 - db_helper - INFO - fetch_expenses_for_date called with 2025-06-21
2025-06-22 18:52:59,960 - db_helper - INFO - fetch_expense_summary_by_months
2025-06-22 18:53:01,244 - db_helper - INFO - fetch_expenses_for_date called with 2025-03-21
2025-06-22 18:53:03,473 - db_helper - INFO - fetch_expense_summary_by_months
2025-06-22 18:53:04,926 - db_helper - INFO - fetch_expenses_for_date called with 2025-03-18
2025-06-22 18:53:07,129 - db_helper - INFO - fetch_expense_summary_by_months
2025-06-22 18:53:23,423 - db_helper - INFO - fetch_expenses_for_date called with 2025-03-18
2025-06-22 18:53:25,574 - db_helper - INFO - fetch_expense_summary_by_months
2025-06-22 18:53:27,941 - db_helper - INFO - fetch_expenses_for_date called with 2025-03-18
2025-06-22 18:53:30,123 - db_helper - INFO - fetch_expense_summary_by_months
2025-06-22 18:53:38,447 - db_helper - INFO - fetch_expenses_for_date called with 2025-03-18
2025-06-22 18:53:40,593 - db_helper - INFO - fetch_expense_summary_by_months
2025-06-22 18:53:40,842 - db_helper - INFO - fetch_expenses_for_date called with 2025-03-18
2025-06-22 18:53:42,954 - db_helper - INFO - fetch_expense_summary called with start: 2025-03-18 end: 2025-06-21
2025-06-22 18:53:44,698 - db_helper - INFO - fetch_expenses_for_date called with 2025-03-18
2025-06-22 18:53:46,855 - db_helper - INFO - fetch_expense_summary called with start: 2025-03-18 end: 2025-06-21
2025-06-22 18:53:48,929 - db_helper - INFO - fetch_expense_summary_by_months
2025-06-22 19:10:32,041 - db_helper - INFO - fetch_expenses_for_date called with 2025-06-21
2025-06-22 19:10:34,231 - db_helper - INFO - fetch_expense_summary_by_months
2025-06-22 19:10:39,481 - db_helper - INFO - fetch_expenses_for_date called with 2025-06-21
2025-06-22 19:10:41,554 - db_helper - INFO - fetch_expense_summary_by_months
2025-06-22 19:10:43,396 - db_helper - INFO - fetch_expenses_for_date called with 2025-06-21
2025-06-22 19:10:45,441 - db_helper - INFO - fetch_expense_summary_by_months
2025-06-22 19:10:45,753 - db_helper - INFO - fetch_expenses_for_date called with 2025-06-21
2025-06-22 19:10:47,810 - db_helper - INFO - fetch_expense_summary_by_months
2025-06-22 19:10:54,556 - db_helper - INFO - fetch_expenses_for_date called with 2025-06-21
2025-06-22 19:10:56,584 - db_helper - INFO - fetch_expenses_for_date called with 2025-06-21
2025-06-22 19:10:58,638 - db_helper - INFO - fetch_expense_summary called with start: 2025-03-18 end: 2025-06-21
2025-06-22 19:11:00,810 - db_helper - INFO - fetch_expense_summary_by_months
